<?xml version="1.0" encoding="UTF-8"?>
<!-- Generated by org.testng.reporters.JUnitReportReporter -->
<testsuite hostname="Lenovo" failures="0" tests="1" name="tests.LaunchLogInLogOut" time="27.020" errors="0" timestamp="2022-05-21T17:32:32 IST" skipped="0">
  <testcase classname="tests.LaunchLogInLogOut" name="InvokeTest" time="27.020"/>
  <system-out/>
</testsuite> <!-- tests.LaunchLogInLogOut -->
