<?xml version="1.0" encoding="UTF-8"?>
<!-- Generated by org.testng.reporters.JUnitReportReporter -->
<testsuite hostname="Lenovo" failures="0" tests="1" name="tests.WebView" time="25.622" errors="0" timestamp="2022-06-09T21:24:59 IST" skipped="0">
  <testcase classname="tests.WebView" name="InvokeTest" time="25.622"/>
  <system-out/>
</testsuite> <!-- tests.WebView -->
