<?xml version="1.0" encoding="UTF-8"?>
<!-- Generated by org.testng.reporters.JUnitReportReporter -->
<testsuite hostname="Lenovo" failures="0" tests="1" name="tests.DataParameterLogin" time="24.720" errors="0" timestamp="2022-06-13T15:08:54 IST" skipped="0">
  <testcase classname="tests.DataParameterLogin" name="InvokeTest" time="24.720"/>
  <system-out/>
</testsuite> <!-- tests.DataParameterLogin -->
